/*C12*/SET SCHEMA PUBLIC
SET SCHEMA "PUBLIC"
INSERT INTO EVENTS VALUES('bdc55052-7510-43fb-94b7-c0522af2162a','Tecnicas de Analise de Radiofrequencia de Iphone 14ProMax com oscilosc\u00f3pio','Aprenda a utilizar o oscilosc\u00f3pio na an\u00e1lise de radiofrequencia de Iphones, tratando a BaseBand, IFPMIC e diversos','tecnicas-de-analise-de-radiofrequencia-de-iphone-14promax-com-osciloscopio',100)
COMMIT
INSERT INTO ATTENDEES VALUES('f1cbeb30-4155-49f4-887b-2f75dee4c9ab','Jose','Joseevandro@gmail.com','bdc55052-7510-43fb-94b7-c0522af2162a','2024-04-04 17:44:34.584246')
COMMIT
INSERT INTO CHECK_INS VALUES(1,'2024-04-04 17:46:01.093858','f1cbeb30-4155-49f4-887b-2f75dee4c9ab')
COMMIT
INSERT INTO ATTENDEES VALUES('b3aba3a5-376f-4dea-af12-645dd5b0bb71','Geovane','gPedrosa@gmail.com','bdc55052-7510-43fb-94b7-c0522af2162a','2024-04-04 17:50:16.835903')
COMMIT
INSERT INTO CHECK_INS VALUES(2,'2024-04-04 17:50:49.787327','b3aba3a5-376f-4dea-af12-645dd5b0bb71')
COMMIT
INSERT INTO ATTENDEES VALUES('b7f5545d-31d8-48c6-b26a-8473ed550864','Emerson','MM@gmail.com','bdc55052-7510-43fb-94b7-c0522af2162a','2024-04-04 17:51:14.234534')
COMMIT
INSERT INTO CHECK_INS VALUES(3,'2024-04-04 17:51:37.300451','b7f5545d-31d8-48c6-b26a-8473ed550864')
COMMIT
INSERT INTO EVENTS VALUES('df686b11-08da-4360-89f3-244b6cb7027a','Tecnicas de Analise e Reparo de CPU','Aprenda a analisar baixo consumo provindo de CPU/RAM','tecnicas-de-analise-e-reparo-de-cpu',2)
COMMIT
INSERT INTO ATTENDEES VALUES('30f6d676-a12e-490a-b2d2-034c03ba8717','Jose','Joseevandro@gmail.com','df686b11-08da-4360-89f3-244b6cb7027a','2024-04-04 17:58:55.158949')
COMMIT
INSERT INTO CHECK_INS VALUES(4,'2024-04-04 17:59:29.957456','30f6d676-a12e-490a-b2d2-034c03ba8717')
COMMIT
INSERT INTO ATTENDEES VALUES('54f8c58c-a5d3-448e-bcd5-cb2fb5f867b6','Geovane','gPedrosa@gmail.com','df686b11-08da-4360-89f3-244b6cb7027a','2024-04-04 18:00:10.518412')
COMMIT
INSERT INTO CHECK_INS VALUES(5,'2024-04-04 18:00:41.142717','54f8c58c-a5d3-448e-bcd5-cb2fb5f867b6')
COMMIT
DISCONNECT
/*C13*/SET SCHEMA PUBLIC
DISCONNECT
/*C14*/SET SCHEMA PUBLIC
DISCONNECT
/*C15*/SET SCHEMA PUBLIC
DISCONNECT
/*C16*/SET SCHEMA PUBLIC
DISCONNECT
/*C17*/SET SCHEMA PUBLIC
DISCONNECT
/*C18*/SET SCHEMA PUBLIC
DISCONNECT
/*C19*/SET SCHEMA PUBLIC
DISCONNECT
/*C20*/SET SCHEMA PUBLIC
DISCONNECT
/*C21*/SET SCHEMA PUBLIC
DISCONNECT
